<ERROR_BLOCK>
excepInfo: select * from iwebshop_seller  where id =     limit 5000
 -- You have an error in your SQL syntax; check the manual that corresponds to your MariaDB server version for the right syntax to use near 'limit 5000' at line 1
excepFile: IWEB_PATH/lib/db/db_class.php
excepLine: 119
excepCode: 1000
excepTime: 2016-10-13 15:09:23
#0 IWEB_PATH/lib/core/query_class.php(161): IDB->query(select * from iwebshop_seller  where id =     limit 5000)
#1 IWEB_PATH/runtime/views/sysdefault/market/regiment_list.php(104): IQuery->find()
#2 IWEB_PATH/lib/web/controller/controllerbase_class.php(115): require(IWEB_PATH/runtime/views/sysdefault/market/regiment_list.php)
#3 IWEB_PATH/lib/web/controller/controllerbase_class.php(81): IControllerBase->requireFile(IWEB_PATH/runtime/views/sysdefault/market/regiment_list.php)
#4 IWEB_PATH/lib/web/controller/controller_class.php(166): IControllerBase->renderView(IWEB_PATH/views/sysdefault/market/regiment_list)
#5 IWEB_PATH/lib/web/action/view_action.php(32): IController->render(IWEB_PATH/views/sysdefault/market/regiment_list)
#6 IWEB_PATH/lib/web/controller/controller_class.php(115): IViewAction->run()
#7 IWEB_PATH/lib/core/webapplication_class.php(76): IController->run(regiment_list)
#8 IWEB_PATH/lib/core/application_class.php(94): IWebApplication->execRequest()
#9 IWEB_PATH/index.php(5): IApplication->run()
</ERROR_BLOCK>

<ERROR_BLOCK>
excepInfo: select * from iwebshop_seller  where id =     limit 5000
 -- You have an error in your SQL syntax; check the manual that corresponds to your MariaDB server version for the right syntax to use near 'limit 5000' at line 1
excepFile: IWEB_PATH/lib/db/db_class.php
excepLine: 119
excepCode: 1000
excepTime: 2016-10-13 15:12:00
#0 IWEB_PATH/lib/core/query_class.php(161): IDB->query(select * from iwebshop_seller  where id =     limit 5000)
#1 IWEB_PATH/runtime/views/sysdefault/market/regiment_list.php(104): IQuery->find()
#2 IWEB_PATH/lib/web/controller/controllerbase_class.php(115): require(IWEB_PATH/runtime/views/sysdefault/market/regiment_list.php)
#3 IWEB_PATH/lib/web/controller/controllerbase_class.php(81): IControllerBase->requireFile(IWEB_PATH/runtime/views/sysdefault/market/regiment_list.php)
#4 IWEB_PATH/lib/web/controller/controller_class.php(166): IControllerBase->renderView(IWEB_PATH/views/sysdefault/market/regiment_list)
#5 IWEB_PATH/lib/web/action/view_action.php(32): IController->render(IWEB_PATH/views/sysdefault/market/regiment_list)
#6 IWEB_PATH/lib/web/controller/controller_class.php(115): IViewAction->run()
#7 IWEB_PATH/lib/core/webapplication_class.php(76): IController->run(regiment_list)
#8 IWEB_PATH/lib/core/application_class.php(94): IWebApplication->execRequest()
#9 IWEB_PATH/index.php(5): IApplication->run()
</ERROR_BLOCK>

