<ERROR_BLOCK>
excepInfo: select * from iwebshop_commend_goods as co  where co.goods_id = Array   order by commend_id ASC 
 -- Unknown column 'Array' in 'where clause'
excepFile: IWEB_PATH/lib/db/db_class.php
excepLine: 119
excepCode: 1000
excepTime: 2016-11-28 11:55:06
#0 IWEB_PATH/lib/core/query_class.php(156): IDB->query(select * from iwebshop_commend_goods as co  where co.goods_id = Array   order by commend_id ASC )
#1 IWEB_PATH/classes/api/myapi.php(21): IQuery->find()
#2 : Myapi->getCommendIdByGoods()
#3 IWEB_PATH/classes/api.php(73): call_user_func_array()
#4 IWEB_PATH/runtime/views/xiaomi/site/pro_list.php(314): Api::run(getCommendIdByGoods)
#5 IWEB_PATH/lib/web/controller/controllerbase_class.php(115): require(IWEB_PATH/runtime/views/xiaomi/site/pro_list.php)
#6 IWEB_PATH/lib/web/controller/controllerbase_class.php(81): IControllerBase->requireFile(IWEB_PATH/runtime/views/xiaomi/site/pro_list.php)
#7 IWEB_PATH/lib/web/controller/controller_class.php(166): IControllerBase->renderView(IWEB_PATH/views/xiaomi/site/pro_list)
#8 IWEB_PATH/lib/web/action/view_action.php(32): IController->render(IWEB_PATH/views/xiaomi/site/pro_list)
#9 IWEB_PATH/lib/web/controller/controller_class.php(367): IViewAction->run()
#10 IWEB_PATH/controllers/site.php(189): IController->redirect(pro_list)
#11 : Site->pro_list()
#12 IWEB_PATH/lib/web/action/inline_action.php(24): call_user_func()
#13 IWEB_PATH/lib/web/controller/controller_class.php(115): IInlineAction->run()
#14 IWEB_PATH/lib/core/webapplication_class.php(75): IController->run(pro_list)
#15 IWEB_PATH/lib/core/application_class.php(94): IWebApplication->execRequest()
#16 IWEB_PATH/index.php(5): IApplication->run()
</ERROR_BLOCK>

<ERROR_BLOCK>
excepInfo: select * from iwebshop_commend_goods as co  where co.goods_id = Array   order by commend_id ASC 
 -- Unknown column 'Array' in 'where clause'
excepFile: IWEB_PATH/lib/db/db_class.php
excepLine: 119
excepCode: 1000
excepTime: 2016-11-28 11:58:35
#0 IWEB_PATH/lib/core/query_class.php(156): IDB->query(select * from iwebshop_commend_goods as co  where co.goods_id = Array   order by commend_id ASC )
#1 IWEB_PATH/classes/api/myapi.php(21): IQuery->find()
#2 : Myapi->getCommendIdByGoods()
#3 IWEB_PATH/classes/api.php(73): call_user_func_array()
#4 IWEB_PATH/runtime/views/xiaomi/site/pro_list.php(315): Api::run(getCommendIdByGoods)
#5 IWEB_PATH/lib/web/controller/controllerbase_class.php(115): require(IWEB_PATH/runtime/views/xiaomi/site/pro_list.php)
#6 IWEB_PATH/lib/web/controller/controllerbase_class.php(81): IControllerBase->requireFile(IWEB_PATH/runtime/views/xiaomi/site/pro_list.php)
#7 IWEB_PATH/lib/web/controller/controller_class.php(166): IControllerBase->renderView(IWEB_PATH/views/xiaomi/site/pro_list)
#8 IWEB_PATH/lib/web/action/view_action.php(32): IController->render(IWEB_PATH/views/xiaomi/site/pro_list)
#9 IWEB_PATH/lib/web/controller/controller_class.php(367): IViewAction->run()
#10 IWEB_PATH/controllers/site.php(189): IController->redirect(pro_list)
#11 : Site->pro_list()
#12 IWEB_PATH/lib/web/action/inline_action.php(24): call_user_func()
#13 IWEB_PATH/lib/web/controller/controller_class.php(115): IInlineAction->run()
#14 IWEB_PATH/lib/core/webapplication_class.php(75): IController->run(pro_list)
#15 IWEB_PATH/lib/core/application_class.php(94): IWebApplication->execRequest()
#16 IWEB_PATH/index.php(5): IApplication->run()
</ERROR_BLOCK>

<ERROR_BLOCK>
excepInfo: select * from iwebshop_commend_goods as co  where co.goods_id = Array   order by commend_id ASC 
 -- Unknown column 'Array' in 'where clause'
excepFile: IWEB_PATH/lib/db/db_class.php
excepLine: 119
excepCode: 1000
excepTime: 2016-11-28 11:59:12
#0 IWEB_PATH/lib/core/query_class.php(156): IDB->query(select * from iwebshop_commend_goods as co  where co.goods_id = Array   order by commend_id ASC )
#1 IWEB_PATH/classes/api/myapi.php(21): IQuery->find()
#2 : Myapi->getCommendIdByGoods()
#3 IWEB_PATH/classes/api.php(73): call_user_func_array()
#4 IWEB_PATH/runtime/views/xiaomi/site/pro_list.php(315): Api::run(getCommendIdByGoods)
#5 IWEB_PATH/lib/web/controller/controllerbase_class.php(115): require(IWEB_PATH/runtime/views/xiaomi/site/pro_list.php)
#6 IWEB_PATH/lib/web/controller/controllerbase_class.php(81): IControllerBase->requireFile(IWEB_PATH/runtime/views/xiaomi/site/pro_list.php)
#7 IWEB_PATH/lib/web/controller/controller_class.php(166): IControllerBase->renderView(IWEB_PATH/views/xiaomi/site/pro_list)
#8 IWEB_PATH/lib/web/action/view_action.php(32): IController->render(IWEB_PATH/views/xiaomi/site/pro_list)
#9 IWEB_PATH/lib/web/controller/controller_class.php(367): IViewAction->run()
#10 IWEB_PATH/controllers/site.php(189): IController->redirect(pro_list)
#11 : Site->pro_list()
#12 IWEB_PATH/lib/web/action/inline_action.php(24): call_user_func()
#13 IWEB_PATH/lib/web/controller/controller_class.php(115): IInlineAction->run()
#14 IWEB_PATH/lib/core/webapplication_class.php(75): IController->run(pro_list)
#15 IWEB_PATH/lib/core/application_class.php(94): IWebApplication->execRequest()
#16 IWEB_PATH/index.php(5): IApplication->run()
</ERROR_BLOCK>

<ERROR_BLOCK>
excepInfo: select * from iwebshop_commend_goods as co  where co.goods_id = Array   order by commend_id ASC 
 -- Unknown column 'Array' in 'where clause'
excepFile: IWEB_PATH/lib/db/db_class.php
excepLine: 119
excepCode: 1000
excepTime: 2016-11-28 11:59:25
#0 IWEB_PATH/lib/core/query_class.php(156): IDB->query(select * from iwebshop_commend_goods as co  where co.goods_id = Array   order by commend_id ASC )
#1 IWEB_PATH/classes/api/myapi.php(21): IQuery->find()
#2 : Myapi->getCommendIdByGoods()
#3 IWEB_PATH/classes/api.php(73): call_user_func_array()
#4 IWEB_PATH/runtime/views/xiaomi/site/pro_list.php(314): Api::run(getCommendIdByGoods)
#5 IWEB_PATH/lib/web/controller/controllerbase_class.php(115): require(IWEB_PATH/runtime/views/xiaomi/site/pro_list.php)
#6 IWEB_PATH/lib/web/controller/controllerbase_class.php(81): IControllerBase->requireFile(IWEB_PATH/runtime/views/xiaomi/site/pro_list.php)
#7 IWEB_PATH/lib/web/controller/controller_class.php(166): IControllerBase->renderView(IWEB_PATH/views/xiaomi/site/pro_list)
#8 IWEB_PATH/lib/web/action/view_action.php(32): IController->render(IWEB_PATH/views/xiaomi/site/pro_list)
#9 IWEB_PATH/lib/web/controller/controller_class.php(367): IViewAction->run()
#10 IWEB_PATH/controllers/site.php(189): IController->redirect(pro_list)
#11 : Site->pro_list()
#12 IWEB_PATH/lib/web/action/inline_action.php(24): call_user_func()
#13 IWEB_PATH/lib/web/controller/controller_class.php(115): IInlineAction->run()
#14 IWEB_PATH/lib/core/webapplication_class.php(75): IController->run(pro_list)
#15 IWEB_PATH/lib/core/application_class.php(94): IWebApplication->execRequest()
#16 IWEB_PATH/index.php(5): IApplication->run()
</ERROR_BLOCK>

<ERROR_BLOCK>
excepInfo: select * from iwebshop_commend_goods as co  where co.goods_id = Array   order by commend_id ASC 
 -- Unknown column 'Array' in 'where clause'
excepFile: IWEB_PATH/lib/db/db_class.php
excepLine: 119
excepCode: 1000
excepTime: 2016-11-28 13:49:10
#0 IWEB_PATH/lib/core/query_class.php(156): IDB->query(select * from iwebshop_commend_goods as co  where co.goods_id = Array   order by commend_id ASC )
#1 IWEB_PATH/classes/api/myapi.php(21): IQuery->find()
#2 : Myapi->getCommendIdByGoods()
#3 IWEB_PATH/classes/api.php(88): call_user_func_array()
#4 IWEB_PATH/runtime/views/xiaomi/site/index.php(421): Api::run(getCommendIdByGoods)
#5 IWEB_PATH/lib/web/controller/controllerbase_class.php(115): require(IWEB_PATH/runtime/views/xiaomi/site/index.php)
#6 IWEB_PATH/lib/web/controller/controllerbase_class.php(81): IControllerBase->requireFile(IWEB_PATH/runtime/views/xiaomi/site/index.php)
#7 IWEB_PATH/lib/web/controller/controller_class.php(166): IControllerBase->renderView(IWEB_PATH/views/xiaomi/site/index)
#8 IWEB_PATH/lib/web/action/view_action.php(32): IController->render(IWEB_PATH/views/xiaomi/site/index)
#9 IWEB_PATH/lib/web/controller/controller_class.php(367): IViewAction->run()
#10 IWEB_PATH/controllers/site.php(28): IController->redirect(index)
#11 : Site->index()
#12 IWEB_PATH/lib/web/action/inline_action.php(24): call_user_func()
#13 IWEB_PATH/lib/web/controller/controller_class.php(115): IInlineAction->run()
#14 IWEB_PATH/lib/core/webapplication_class.php(75): IController->run()
#15 IWEB_PATH/lib/core/application_class.php(94): IWebApplication->execRequest()
#16 IWEB_PATH/index.php(5): IApplication->run()
</ERROR_BLOCK>

<ERROR_BLOCK>
excepInfo: select go.id, go.img, go.sell_price, go.name from iwebshop_category_extend as c left join iwebshop_goods  as go on go.id = c.goods_id where c.category_id = Array   order by go.visit DESC limit 5
 -- Unknown column 'Array' in 'where clause'
excepFile: IWEB_PATH/lib/db/db_class.php
excepLine: 119
excepCode: 1000
excepTime: 2016-11-28 13:50:51
#0 IWEB_PATH/lib/core/query_class.php(156): IDB->query(select go.id, go.img, go.sell_price, go.name from iwebshop_category_extend as c left join iwebshop_goods  as go on go.id = c.goods_id where c.category_id = Array   order by go.visit DESC limit 5)
#1 IWEB_PATH/classes/api/myapi.php(41): IQuery->find()
#2 : Myapi->getMostVisit(5)
#3 IWEB_PATH/classes/api.php(88): call_user_func_array()
#4 IWEB_PATH/runtime/views/xiaomi/site/products.php(604): Api::run(getMostVisit,5)
#5 IWEB_PATH/lib/web/controller/controllerbase_class.php(115): require(IWEB_PATH/runtime/views/xiaomi/site/products.php)
#6 IWEB_PATH/lib/web/controller/controllerbase_class.php(81): IControllerBase->requireFile(IWEB_PATH/runtime/views/xiaomi/site/products.php)
#7 IWEB_PATH/lib/web/controller/controller_class.php(166): IControllerBase->renderView(IWEB_PATH/views/xiaomi/site/products)
#8 IWEB_PATH/lib/web/action/view_action.php(32): IController->render(IWEB_PATH/views/xiaomi/site/products)
#9 IWEB_PATH/lib/web/controller/controller_class.php(367): IViewAction->run()
#10 IWEB_PATH/controllers/site.php(579): IController->redirect(products)
#11 : Site->products()
#12 IWEB_PATH/lib/web/action/inline_action.php(24): call_user_func()
#13 IWEB_PATH/lib/web/controller/controller_class.php(115): IInlineAction->run()
#14 IWEB_PATH/lib/core/webapplication_class.php(75): IController->run(products)
#15 IWEB_PATH/lib/core/application_class.php(94): IWebApplication->execRequest()
#16 IWEB_PATH/index.php(5): IApplication->run()
</ERROR_BLOCK>

<ERROR_BLOCK>
excepInfo: select go.id, go.img, go.sell_price, go.name from iwebshop_category_extend as c left join iwebshop_goods  as go on go.id = c.goods_id where c.category_id = Array   order by go.visit DESC limit 5
 -- Unknown column 'Array' in 'where clause'
excepFile: IWEB_PATH/lib/db/db_class.php
excepLine: 119
excepCode: 1000
excepTime: 2016-11-28 13:50:58
#0 IWEB_PATH/lib/core/query_class.php(156): IDB->query(select go.id, go.img, go.sell_price, go.name from iwebshop_category_extend as c left join iwebshop_goods  as go on go.id = c.goods_id where c.category_id = Array   order by go.visit DESC limit 5)
#1 IWEB_PATH/classes/api/myapi.php(41): IQuery->find()
#2 : Myapi->getMostVisit(5)
#3 IWEB_PATH/classes/api.php(88): call_user_func_array()
#4 IWEB_PATH/runtime/views/xiaomi/site/products.php(604): Api::run(getMostVisit,5)
#5 IWEB_PATH/lib/web/controller/controllerbase_class.php(115): require(IWEB_PATH/runtime/views/xiaomi/site/products.php)
#6 IWEB_PATH/lib/web/controller/controllerbase_class.php(81): IControllerBase->requireFile(IWEB_PATH/runtime/views/xiaomi/site/products.php)
#7 IWEB_PATH/lib/web/controller/controller_class.php(166): IControllerBase->renderView(IWEB_PATH/views/xiaomi/site/products)
#8 IWEB_PATH/lib/web/action/view_action.php(32): IController->render(IWEB_PATH/views/xiaomi/site/products)
#9 IWEB_PATH/lib/web/controller/controller_class.php(367): IViewAction->run()
#10 IWEB_PATH/controllers/site.php(579): IController->redirect(products)
#11 : Site->products()
#12 IWEB_PATH/lib/web/action/inline_action.php(24): call_user_func()
#13 IWEB_PATH/lib/web/controller/controller_class.php(115): IInlineAction->run()
#14 IWEB_PATH/lib/core/webapplication_class.php(75): IController->run(products)
#15 IWEB_PATH/lib/core/application_class.php(94): IWebApplication->execRequest()
#16 IWEB_PATH/index.php(5): IApplication->run()
</ERROR_BLOCK>

<ERROR_BLOCK>
excepInfo: select go.id, go.img, go.sell_price, go.name from iwebshop_category_extend as c left join iwebshop_goods  as go on go.id = c.goods_id where c.category_id = Array   order by go.visit DESC limit 5
 -- Unknown column 'Array' in 'where clause'
excepFile: IWEB_PATH/lib/db/db_class.php
excepLine: 119
excepCode: 1000
excepTime: 2016-11-28 14:02:09
#0 IWEB_PATH/lib/core/query_class.php(156): IDB->query(select go.id, go.img, go.sell_price, go.name from iwebshop_category_extend as c left join iwebshop_goods  as go on go.id = c.goods_id where c.category_id = Array   order by go.visit DESC limit 5)
#1 IWEB_PATH/classes/api/myapi.php(41): IQuery->find()
#2 : Myapi->getMostVisit(5)
#3 IWEB_PATH/classes/api.php(88): call_user_func_array()
#4 IWEB_PATH/runtime/views/xiaomi/site/products.php(604): Api::run(getMostVisit,5)
#5 IWEB_PATH/lib/web/controller/controllerbase_class.php(115): require(IWEB_PATH/runtime/views/xiaomi/site/products.php)
#6 IWEB_PATH/lib/web/controller/controllerbase_class.php(81): IControllerBase->requireFile(IWEB_PATH/runtime/views/xiaomi/site/products.php)
#7 IWEB_PATH/lib/web/controller/controller_class.php(166): IControllerBase->renderView(IWEB_PATH/views/xiaomi/site/products)
#8 IWEB_PATH/lib/web/action/view_action.php(32): IController->render(IWEB_PATH/views/xiaomi/site/products)
#9 IWEB_PATH/lib/web/controller/controller_class.php(367): IViewAction->run()
#10 IWEB_PATH/controllers/site.php(579): IController->redirect(products)
#11 : Site->products()
#12 IWEB_PATH/lib/web/action/inline_action.php(24): call_user_func()
#13 IWEB_PATH/lib/web/controller/controller_class.php(115): IInlineAction->run()
#14 IWEB_PATH/lib/core/webapplication_class.php(75): IController->run(products)
#15 IWEB_PATH/lib/core/application_class.php(94): IWebApplication->execRequest()
#16 IWEB_PATH/index.php(5): IApplication->run()
</ERROR_BLOCK>

<ERROR_BLOCK>
excepInfo: select go.id, go.img, go.sell_price, go.name from iwebshop_category_extend as c left join iwebshop_goods  as go on go.id = c.goods_id where c.category_id = Array   order by go.visit DESC limit 5
 -- Unknown column 'Array' in 'where clause'
excepFile: IWEB_PATH/lib/db/db_class.php
excepLine: 119
excepCode: 1000
excepTime: 2016-11-28 14:02:16
#0 IWEB_PATH/lib/core/query_class.php(156): IDB->query(select go.id, go.img, go.sell_price, go.name from iwebshop_category_extend as c left join iwebshop_goods  as go on go.id = c.goods_id where c.category_id = Array   order by go.visit DESC limit 5)
#1 IWEB_PATH/classes/api/myapi.php(41): IQuery->find()
#2 : Myapi->getMostVisit(5)
#3 IWEB_PATH/classes/api.php(88): call_user_func_array()
#4 IWEB_PATH/runtime/views/xiaomi/site/products.php(604): Api::run(getMostVisit,5)
#5 IWEB_PATH/lib/web/controller/controllerbase_class.php(115): require(IWEB_PATH/runtime/views/xiaomi/site/products.php)
#6 IWEB_PATH/lib/web/controller/controllerbase_class.php(81): IControllerBase->requireFile(IWEB_PATH/runtime/views/xiaomi/site/products.php)
#7 IWEB_PATH/lib/web/controller/controller_class.php(166): IControllerBase->renderView(IWEB_PATH/views/xiaomi/site/products)
#8 IWEB_PATH/lib/web/action/view_action.php(32): IController->render(IWEB_PATH/views/xiaomi/site/products)
#9 IWEB_PATH/lib/web/controller/controller_class.php(367): IViewAction->run()
#10 IWEB_PATH/controllers/site.php(579): IController->redirect(products)
#11 : Site->products()
#12 IWEB_PATH/lib/web/action/inline_action.php(24): call_user_func()
#13 IWEB_PATH/lib/web/controller/controller_class.php(115): IInlineAction->run()
#14 IWEB_PATH/lib/core/webapplication_class.php(75): IController->run(products)
#15 IWEB_PATH/lib/core/application_class.php(94): IWebApplication->execRequest()
#16 IWEB_PATH/index.php(5): IApplication->run()
</ERROR_BLOCK>

<ERROR_BLOCK>
excepInfo: select * from iwebshop_commend_goods as co  where co.goods_id = Array   order by commend_id ASC 
 -- Unknown column 'Array' in 'where clause'
excepFile: IWEB_PATH/lib/db/db_class.php
excepLine: 119
excepCode: 1000
excepTime: 2016-11-28 14:04:47
#0 IWEB_PATH/lib/core/query_class.php(156): IDB->query(select * from iwebshop_commend_goods as co  where co.goods_id = Array   order by commend_id ASC )
#1 IWEB_PATH/classes/api/myapi.php(21): IQuery->find()
#2 : Myapi->getCommendIdByGoods()
#3 IWEB_PATH/classes/api.php(88): call_user_func_array()
#4 IWEB_PATH/runtime/views/xiaomi/site/index.php(421): Api::run(getCommendIdByGoods)
#5 IWEB_PATH/lib/web/controller/controllerbase_class.php(115): require(IWEB_PATH/runtime/views/xiaomi/site/index.php)
#6 IWEB_PATH/lib/web/controller/controllerbase_class.php(81): IControllerBase->requireFile(IWEB_PATH/runtime/views/xiaomi/site/index.php)
#7 IWEB_PATH/lib/web/controller/controller_class.php(166): IControllerBase->renderView(IWEB_PATH/views/xiaomi/site/index)
#8 IWEB_PATH/lib/web/action/view_action.php(32): IController->render(IWEB_PATH/views/xiaomi/site/index)
#9 IWEB_PATH/lib/web/controller/controller_class.php(367): IViewAction->run()
#10 IWEB_PATH/controllers/site.php(28): IController->redirect(index)
#11 : Site->index()
#12 IWEB_PATH/lib/web/action/inline_action.php(24): call_user_func()
#13 IWEB_PATH/lib/web/controller/controller_class.php(115): IInlineAction->run()
#14 IWEB_PATH/lib/core/webapplication_class.php(75): IController->run()
#15 IWEB_PATH/lib/core/application_class.php(94): IWebApplication->execRequest()
#16 IWEB_PATH/index.php(5): IApplication->run()
</ERROR_BLOCK>

<ERROR_BLOCK>
excepInfo: select count(*) as total from iwebshop_goods as go  where go.is_del = 0 and favicon.ico   
 -- Unknown column 'favicon.ico' in 'where clause'
excepFile: IWEB_PATH/lib/db/db_class.php
excepLine: 119
excepCode: 1000
excepTime: 2016-11-28 15:29:15
#0 IWEB_PATH/lib/core/paging_class.php(56): IDB->query(select count(*) as total from iwebshop_goods as go  where go.is_del = 0 and favicon.ico   )
#1 IWEB_PATH/lib/core/paging_class.php(41): IPaging->setSql(select distinct go.id,go.name,go.sell_price,go.market_price,go.store_nums,go.img,go.is_del,go.seller_id,go.is_share,go.sort from iwebshop_goods as go  where go.is_del = 0 and favicon.ico   order by go.id desc )
#2 IWEB_PATH/lib/core/query_class.php(151): IPaging->__construct(select distinct go.id,go.name,go.sell_price,go.market_price,go.store_nums,go.img,go.is_del,go.seller_id,go.is_share,go.sort from iwebshop_goods as go  where go.is_del = 0 and favicon.ico   order by go.id desc ,20,10)
#3 IWEB_PATH/runtime/views/sysdefault/goods/goods_list.php(172): IQuery->find()
#4 IWEB_PATH/lib/web/controller/controllerbase_class.php(115): require(IWEB_PATH/runtime/views/sysdefault/goods/goods_list.php)
#5 IWEB_PATH/lib/web/controller/controllerbase_class.php(81): IControllerBase->requireFile(IWEB_PATH/runtime/views/sysdefault/goods/goods_list.php)
#6 IWEB_PATH/lib/web/controller/controller_class.php(166): IControllerBase->renderView(IWEB_PATH/views/sysdefault/goods/goods_list)
#7 IWEB_PATH/lib/web/action/view_action.php(32): IController->render(IWEB_PATH/views/sysdefault/goods/goods_list)
#8 IWEB_PATH/lib/web/controller/controller_class.php(367): IViewAction->run()
#9 IWEB_PATH/controllers/goods.php(394): IController->redirect(goods_list)
#10 : Goods->goods_list()
#11 IWEB_PATH/lib/web/action/inline_action.php(24): call_user_func()
#12 IWEB_PATH/lib/web/controller/controller_class.php(115): IInlineAction->run()
#13 IWEB_PATH/lib/core/webapplication_class.php(75): IController->run(goods_list)
#14 IWEB_PATH/lib/core/application_class.php(94): IWebApplication->execRequest()
#15 IWEB_PATH/index.php(5): IApplication->run()
</ERROR_BLOCK>

<ERROR_BLOCK>
excepInfo: select count(*) as total from iwebshop_goods as go  where go.is_del = 0 and favicon.ico   
 -- Unknown column 'favicon.ico' in 'where clause'
excepFile: IWEB_PATH/lib/db/db_class.php
excepLine: 119
excepCode: 1000
excepTime: 2016-11-28 17:43:35
#0 IWEB_PATH/lib/core/paging_class.php(56): IDB->query(select count(*) as total from iwebshop_goods as go  where go.is_del = 0 and favicon.ico   )
#1 IWEB_PATH/lib/core/paging_class.php(41): IPaging->setSql(select distinct go.id,go.name,go.sell_price,go.market_price,go.store_nums,go.img,go.is_del,go.seller_id,go.is_share,go.sort from iwebshop_goods as go  where go.is_del = 0 and favicon.ico   order by go.id desc )
#2 IWEB_PATH/lib/core/query_class.php(151): IPaging->__construct(select distinct go.id,go.name,go.sell_price,go.market_price,go.store_nums,go.img,go.is_del,go.seller_id,go.is_share,go.sort from iwebshop_goods as go  where go.is_del = 0 and favicon.ico   order by go.id desc ,20,10)
#3 IWEB_PATH/runtime/views/sysdefault/goods/goods_list.php(172): IQuery->find()
#4 IWEB_PATH/lib/web/controller/controllerbase_class.php(115): require(IWEB_PATH/runtime/views/sysdefault/goods/goods_list.php)
#5 IWEB_PATH/lib/web/controller/controllerbase_class.php(81): IControllerBase->requireFile(IWEB_PATH/runtime/views/sysdefault/goods/goods_list.php)
#6 IWEB_PATH/lib/web/controller/controller_class.php(166): IControllerBase->renderView(IWEB_PATH/views/sysdefault/goods/goods_list)
#7 IWEB_PATH/lib/web/action/view_action.php(32): IController->render(IWEB_PATH/views/sysdefault/goods/goods_list)
#8 IWEB_PATH/lib/web/controller/controller_class.php(367): IViewAction->run()
#9 IWEB_PATH/controllers/goods.php(394): IController->redirect(goods_list)
#10 : Goods->goods_list()
#11 IWEB_PATH/lib/web/action/inline_action.php(24): call_user_func()
#12 IWEB_PATH/lib/web/controller/controller_class.php(115): IInlineAction->run()
#13 IWEB_PATH/lib/core/webapplication_class.php(75): IController->run(goods_list)
#14 IWEB_PATH/lib/core/application_class.php(94): IWebApplication->execRequest()
#15 IWEB_PATH/index.php(5): IApplication->run()
</ERROR_BLOCK>

