<ERROR_BLOCK>
excepInfo: select go.id,go.name,go.img,go.sell_price,go.market_price,go.commend_id from iwebshop_category_extend as ca left join iwebshop_goods  as go on go.id = ca.goods_id where ca.category_id in(8) and go.is_del = 0   order by go.sort asc limit 8
 -- Unknown column 'go.commend_id' in 'field list'
excepFile: IWEB_PATH/lib/db/db_class.php
excepLine: 119
excepCode: 1000
excepTime: 2016-11-23 10:17:53
#0 IWEB_PATH/lib/core/query_class.php(156): IDB->query(select go.id,go.name,go.img,go.sell_price,go.market_price,go.commend_id from iwebshop_category_extend as ca left join iwebshop_goods  as go on go.id = ca.goods_id where ca.category_id in(8) and go.is_del = 0   order by go.sort asc limit 8)
#1 IWEB_PATH/classes/api.php(151): IQuery->find()
#2 IWEB_PATH/classes/api.php(56): Api::query()
#3 IWEB_PATH/runtime/views/xiaomi/site/index.php(406): Api::run(getCategoryExtendList,8)
#4 IWEB_PATH/lib/web/controller/controllerbase_class.php(115): require(IWEB_PATH/runtime/views/xiaomi/site/index.php)
#5 IWEB_PATH/lib/web/controller/controllerbase_class.php(81): IControllerBase->requireFile(IWEB_PATH/runtime/views/xiaomi/site/index.php)
#6 IWEB_PATH/lib/web/controller/controller_class.php(166): IControllerBase->renderView(IWEB_PATH/views/xiaomi/site/index)
#7 IWEB_PATH/lib/web/action/view_action.php(32): IController->render(IWEB_PATH/views/xiaomi/site/index)
#8 IWEB_PATH/lib/web/controller/controller_class.php(367): IViewAction->run()
#9 IWEB_PATH/controllers/site.php(28): IController->redirect(index)
#10 : Site->index()
#11 IWEB_PATH/lib/web/action/inline_action.php(24): call_user_func()
#12 IWEB_PATH/lib/web/controller/controller_class.php(115): IInlineAction->run()
#13 IWEB_PATH/lib/core/webapplication_class.php(75): IController->run()
#14 IWEB_PATH/lib/core/application_class.php(94): IWebApplication->execRequest()
#15 IWEB_PATH/index.php(5): IApplication->run()
</ERROR_BLOCK>

<ERROR_BLOCK>
excepInfo: select go.id,go.name,go.img,go.sell_price,go.market_price,go.commend_id from iwebshop_category_extend as ca left join iwebshop_goods  as go on go.id = ca.goods_id where ca.category_id in(8) and go.is_del = 0   order by go.sort asc limit 8
 -- Unknown column 'go.commend_id' in 'field list'
excepFile: IWEB_PATH/lib/db/db_class.php
excepLine: 119
excepCode: 1000
excepTime: 2016-11-23 10:21:26
#0 IWEB_PATH/lib/core/query_class.php(156): IDB->query(select go.id,go.name,go.img,go.sell_price,go.market_price,go.commend_id from iwebshop_category_extend as ca left join iwebshop_goods  as go on go.id = ca.goods_id where ca.category_id in(8) and go.is_del = 0   order by go.sort asc limit 8)
#1 IWEB_PATH/classes/api.php(151): IQuery->find()
#2 IWEB_PATH/classes/api.php(56): Api::query()
#3 IWEB_PATH/runtime/views/xiaomi/site/index.php(406): Api::run(getCategoryExtendList,8)
#4 IWEB_PATH/lib/web/controller/controllerbase_class.php(115): require(IWEB_PATH/runtime/views/xiaomi/site/index.php)
#5 IWEB_PATH/lib/web/controller/controllerbase_class.php(81): IControllerBase->requireFile(IWEB_PATH/runtime/views/xiaomi/site/index.php)
#6 IWEB_PATH/lib/web/controller/controller_class.php(166): IControllerBase->renderView(IWEB_PATH/views/xiaomi/site/index)
#7 IWEB_PATH/lib/web/action/view_action.php(32): IController->render(IWEB_PATH/views/xiaomi/site/index)
#8 IWEB_PATH/lib/web/controller/controller_class.php(367): IViewAction->run()
#9 IWEB_PATH/controllers/site.php(28): IController->redirect(index)
#10 : Site->index()
#11 IWEB_PATH/lib/web/action/inline_action.php(24): call_user_func()
#12 IWEB_PATH/lib/web/controller/controller_class.php(115): IInlineAction->run()
#13 IWEB_PATH/lib/core/webapplication_class.php(75): IController->run()
#14 IWEB_PATH/lib/core/application_class.php(94): IWebApplication->execRequest()
#15 IWEB_PATH/index.php(5): IApplication->run()
</ERROR_BLOCK>

<ERROR_BLOCK>
excepInfo: select count(*) as total from iwebshop_goods as go  where favicon.ico like '%1201010050-8%' and go.is_del != 1   
 -- Unknown column 'favicon.ico' in 'where clause'
excepFile: IWEB_PATH/lib/db/db_class.php
excepLine: 119
excepCode: 1000
excepTime: 2016-11-23 10:21:40
#0 IWEB_PATH/lib/core/paging_class.php(56): IDB->query(select count(*) as total from iwebshop_goods as go  where favicon.ico like '%1201010050-8%' and go.is_del != 1   )
#1 IWEB_PATH/lib/core/paging_class.php(41): IPaging->setSql(select distinct go.id,go.name,go.sell_price,go.market_price,go.store_nums,go.img,go.is_del,go.seller_id,go.is_share,go.sort from iwebshop_goods as go  where favicon.ico like '%1201010050-8%' and go.is_del != 1   order by go.id desc )
#2 IWEB_PATH/lib/core/query_class.php(151): IPaging->__construct(select distinct go.id,go.name,go.sell_price,go.market_price,go.store_nums,go.img,go.is_del,go.seller_id,go.is_share,go.sort from iwebshop_goods as go  where favicon.ico like '%1201010050-8%' and go.is_del != 1   order by go.id desc ,20,10)
#3 IWEB_PATH/runtime/views/sysdefault/goods/goods_list.php(172): IQuery->find()
#4 IWEB_PATH/lib/web/controller/controllerbase_class.php(115): require(IWEB_PATH/runtime/views/sysdefault/goods/goods_list.php)
#5 IWEB_PATH/lib/web/controller/controllerbase_class.php(81): IControllerBase->requireFile(IWEB_PATH/runtime/views/sysdefault/goods/goods_list.php)
#6 IWEB_PATH/lib/web/controller/controller_class.php(166): IControllerBase->renderView(IWEB_PATH/views/sysdefault/goods/goods_list)
#7 IWEB_PATH/lib/web/action/view_action.php(32): IController->render(IWEB_PATH/views/sysdefault/goods/goods_list)
#8 IWEB_PATH/lib/web/controller/controller_class.php(367): IViewAction->run()
#9 IWEB_PATH/controllers/goods.php(394): IController->redirect(goods_list)
#10 : Goods->goods_list()
#11 IWEB_PATH/lib/web/action/inline_action.php(24): call_user_func()
#12 IWEB_PATH/lib/web/controller/controller_class.php(115): IInlineAction->run()
#13 IWEB_PATH/lib/core/webapplication_class.php(75): IController->run(goods_list)
#14 IWEB_PATH/lib/core/application_class.php(94): IWebApplication->execRequest()
#15 IWEB_PATH/index.php(5): IApplication->run()
</ERROR_BLOCK>

<ERROR_BLOCK>
excepInfo: select go.id,go.name,go.img,go.sell_price,go.market_price,go.commend_id from iwebshop_category_extend as ca left join iwebshop_goods  as go on go.id = ca.goods_id where ca.category_id in(8) and go.is_del = 0   order by go.sort asc limit 8
 -- Unknown column 'go.commend_id' in 'field list'
excepFile: IWEB_PATH/lib/db/db_class.php
excepLine: 119
excepCode: 1000
excepTime: 2016-11-23 17:49:11
#0 IWEB_PATH/lib/core/query_class.php(156): IDB->query(select go.id,go.name,go.img,go.sell_price,go.market_price,go.commend_id from iwebshop_category_extend as ca left join iwebshop_goods  as go on go.id = ca.goods_id where ca.category_id in(8) and go.is_del = 0   order by go.sort asc limit 8)
#1 IWEB_PATH/classes/api.php(151): IQuery->find()
#2 IWEB_PATH/classes/api.php(56): Api::query()
#3 IWEB_PATH/runtime/views/xiaomi/site/index.php(406): Api::run(getCategoryExtendList,8)
#4 IWEB_PATH/lib/web/controller/controllerbase_class.php(115): require(IWEB_PATH/runtime/views/xiaomi/site/index.php)
#5 IWEB_PATH/lib/web/controller/controllerbase_class.php(81): IControllerBase->requireFile(IWEB_PATH/runtime/views/xiaomi/site/index.php)
#6 IWEB_PATH/lib/web/controller/controller_class.php(166): IControllerBase->renderView(IWEB_PATH/views/xiaomi/site/index)
#7 IWEB_PATH/lib/web/action/view_action.php(32): IController->render(IWEB_PATH/views/xiaomi/site/index)
#8 IWEB_PATH/lib/web/controller/controller_class.php(367): IViewAction->run()
#9 IWEB_PATH/controllers/site.php(28): IController->redirect(index)
#10 : Site->index()
#11 IWEB_PATH/lib/web/action/inline_action.php(24): call_user_func()
#12 IWEB_PATH/lib/web/controller/controller_class.php(115): IInlineAction->run()
#13 IWEB_PATH/lib/core/webapplication_class.php(75): IController->run()
#14 IWEB_PATH/lib/core/application_class.php(94): IWebApplication->execRequest()
#15 IWEB_PATH/index.php(5): IApplication->run()
</ERROR_BLOCK>

<ERROR_BLOCK>
excepInfo: select go.id,go.name,go.img,go.sell_price,go.market_price,go.commend_id from iwebshop_category_extend as ca left join iwebshop_goods  as go on go.id = ca.goods_id where ca.category_id in(8) and go.is_del = 0   order by go.sort asc limit 8
 -- Unknown column 'go.commend_id' in 'field list'
excepFile: IWEB_PATH/lib/db/db_class.php
excepLine: 119
excepCode: 1000
excepTime: 2016-11-23 17:50:27
#0 IWEB_PATH/lib/core/query_class.php(156): IDB->query(select go.id,go.name,go.img,go.sell_price,go.market_price,go.commend_id from iwebshop_category_extend as ca left join iwebshop_goods  as go on go.id = ca.goods_id where ca.category_id in(8) and go.is_del = 0   order by go.sort asc limit 8)
#1 IWEB_PATH/classes/api.php(151): IQuery->find()
#2 IWEB_PATH/classes/api.php(56): Api::query()
#3 IWEB_PATH/runtime/views/xiaomi/site/index.php(406): Api::run(getCategoryExtendList,8)
#4 IWEB_PATH/lib/web/controller/controllerbase_class.php(115): require(IWEB_PATH/runtime/views/xiaomi/site/index.php)
#5 IWEB_PATH/lib/web/controller/controllerbase_class.php(81): IControllerBase->requireFile(IWEB_PATH/runtime/views/xiaomi/site/index.php)
#6 IWEB_PATH/lib/web/controller/controller_class.php(166): IControllerBase->renderView(IWEB_PATH/views/xiaomi/site/index)
#7 IWEB_PATH/lib/web/action/view_action.php(32): IController->render(IWEB_PATH/views/xiaomi/site/index)
#8 IWEB_PATH/lib/web/controller/controller_class.php(367): IViewAction->run()
#9 IWEB_PATH/controllers/site.php(28): IController->redirect(index)
#10 : Site->index()
#11 IWEB_PATH/lib/web/action/inline_action.php(24): call_user_func()
#12 IWEB_PATH/lib/web/controller/controller_class.php(115): IInlineAction->run()
#13 IWEB_PATH/lib/core/webapplication_class.php(75): IController->run()
#14 IWEB_PATH/lib/core/application_class.php(94): IWebApplication->execRequest()
#15 IWEB_PATH/index.php(5): IApplication->run()
</ERROR_BLOCK>

